[debug] [2022-11-25T14:50:23.420Z] ----------------------------------------------------------------------
[debug] [2022-11-25T14:50:23.420Z] Command:       /usr/local/bin/node /usr/local/bin/firebase emulators:start --only functions
[debug] [2022-11-25T14:50:23.421Z] CLI Version:   11.16.1
[debug] [2022-11-25T14:50:23.421Z] Platform:      darwin
[debug] [2022-11-25T14:50:23.421Z] Node Version:  v16.13.1
[debug] [2022-11-25T14:50:23.421Z] Time:          Fri Nov 25 2022 21:50:23 GMT+0700 (เวลาอินโดจีน)
[debug] [2022-11-25T14:50:23.422Z] ----------------------------------------------------------------------
[debug] 
[debug] [2022-11-25T14:50:23.461Z] > command requires scopes: ["email","openid","https://www.googleapis.com/auth/cloudplatformprojects.readonly","https://www.googleapis.com/auth/firebase","https://www.googleapis.com/auth/cloud-platform"]
[debug] [2022-11-25T14:50:23.461Z] > authorizing via signed-in user (khampanpare88@gmail.com)
[info] i  emulators: Starting emulators: functions {"metadata":{"emulator":{"name":"hub"},"message":"Starting emulators: functions"}}
[debug] [2022-11-25T14:50:23.690Z] [logging] Logging Emulator only supports listening on one address (127.0.0.1). Not listening on ::1
[debug] [2022-11-25T14:50:23.691Z] assigned listening specs for emulators {"user":{"hub":[{"address":"127.0.0.1","family":"IPv4","port":4400},{"address":"::1","family":"IPv6","port":4400}],"ui":[{"address":"127.0.0.1","family":"IPv4","port":4000},{"address":"::1","family":"IPv6","port":4000}],"logging":[{"address":"127.0.0.1","family":"IPv4","port":4500}]},"metadata":{"message":"assigned listening specs for emulators"}}
[debug] [2022-11-25T14:50:23.695Z] [hub] writing locator at /var/folders/4l/p829c0t52yl7htgfj40vw9wc0000gn/T/hub-skill-mapping-server.json
[debug] [2022-11-25T14:50:23.851Z] [functions] Functions Emulator only supports listening on one address (127.0.0.1). Not listening on ::1
[debug] [2022-11-25T14:50:23.851Z] [eventarc] Eventarc Emulator only supports listening on one address (127.0.0.1). Not listening on ::1
[debug] [2022-11-25T14:50:23.852Z] late-assigned ports for functions and eventarc emulators {"user":{"hub":[{"address":"127.0.0.1","family":"IPv4","port":4400},{"address":"::1","family":"IPv6","port":4400}],"ui":[{"address":"127.0.0.1","family":"IPv4","port":4000},{"address":"::1","family":"IPv6","port":4000}],"logging":[{"address":"127.0.0.1","family":"IPv4","port":4500}],"functions":[{"address":"127.0.0.1","family":"IPv4","port":5001}],"eventarc":[{"address":"127.0.0.1","family":"IPv4","port":9299}]},"metadata":{"message":"late-assigned ports for functions and eventarc emulators"}}
[warn] ⚠  functions: The following emulators are not running, calls to these services from the Functions emulator will affect production: auth, firestore, database, hosting, pubsub, storage {"metadata":{"emulator":{"name":"functions"},"message":"The following emulators are not running, calls to these services from the Functions emulator will affect production: \u001b[1mauth, firestore, database, hosting, pubsub, storage\u001b[22m"}}
[info] ✔  functions: Using node@16 from host. {"metadata":{"emulator":{"name":"functions"},"message":"Using node@16 from host."}}
[debug] [2022-11-25T14:50:23.858Z] defaultcredentials: writing to file /Users/kantikakhampan/.config/firebase/khampanpare88_gmail_com_application_default_credentials.json
[debug] [2022-11-25T14:50:23.864Z] Setting GAC to /Users/kantikakhampan/.config/firebase/khampanpare88_gmail_com_application_default_credentials.json {"metadata":{"emulator":{"name":"functions"},"message":"Setting GAC to /Users/kantikakhampan/.config/firebase/khampanpare88_gmail_com_application_default_credentials.json"}}
[debug] [2022-11-25T14:50:23.865Z] >>> [apiv2][query] GET https://firebase.googleapis.com/v1beta1/projects/skill-mapping-server/adminSdkConfig [none]
[debug] [2022-11-25T14:50:24.434Z] <<< [apiv2][status] GET https://firebase.googleapis.com/v1beta1/projects/skill-mapping-server/adminSdkConfig 200
[debug] [2022-11-25T14:50:24.434Z] <<< [apiv2][body] GET https://firebase.googleapis.com/v1beta1/projects/skill-mapping-server/adminSdkConfig {"projectId":"skill-mapping-server","storageBucket":"skill-mapping-server.appspot.com"}
[debug] [2022-11-25T14:50:24.469Z] Ignoring unsupported arg: auto_download {"metadata":{"emulator":{"name":"ui"},"message":"Ignoring unsupported arg: auto_download"}}
[debug] [2022-11-25T14:50:24.470Z] Ignoring unsupported arg: port {"metadata":{"emulator":{"name":"ui"},"message":"Ignoring unsupported arg: port"}}
[debug] [2022-11-25T14:50:24.470Z] Starting Emulator UI with command {"binary":"node","args":["/Users/kantikakhampan/.cache/firebase/emulators/ui-v1.11.1/server/server.js"],"optionalArgs":[],"joinArgs":false} {"metadata":{"emulator":{"name":"ui"},"message":"Starting Emulator UI with command {\"binary\":\"node\",\"args\":[\"/Users/kantikakhampan/.cache/firebase/emulators/ui-v1.11.1/server/server.js\"],\"optionalArgs\":[],\"joinArgs\":false}"}}
[info] i  ui: Emulator UI logging to ui-debug.log {"metadata":{"emulator":{"name":"ui"},"message":"Emulator UI logging to \u001b[1mui-debug.log\u001b[22m"}}
[debug] [2022-11-25T14:50:24.546Z] Web / API server started at 127.0.0.1:4000
 {"metadata":{"emulator":{"name":"ui"},"message":"Web / API server started at 127.0.0.1:4000\n"}}
[debug] [2022-11-25T14:50:24.546Z] Web / API server started at ::1:4000
 {"metadata":{"emulator":{"name":"ui"},"message":"Web / API server started at ::1:4000\n"}}
[info] i  functions: Watching "/Users/kantikakhampan/Documents/Project491/skill-mapping-server-1/server/functions" for Cloud Functions... {"metadata":{"emulator":{"name":"functions"},"message":"Watching \"/Users/kantikakhampan/Documents/Project491/skill-mapping-server-1/server/functions\" for Cloud Functions..."}}
[debug] [2022-11-25T14:50:24.744Z] Validating nodejs source
[debug] [2022-11-25T14:50:25.346Z] > [functions] package.json contents: {
  "name": "functions",
  "description": "Cloud Functions for Firebase",
  "type": "commonjs",
  "scripts": {
    "lint": "eslint .",
    "serve": "firebase emulators:start --only functions",
    "shell": "firebase functions:shell",
    "start": "npm run shell",
    "deploy": "firebase deploy --only functions",
    "logs": "firebase functions:log"
  },
  "engines": {
    "node": "16"
  },
  "main": "index.js",
  "dependencies": {
    "cors": "^2.8.5",
    "express": "^4.18.2",
    "firebase-admin": "^10.0.2",
    "firebase-functions": "^4.1.0",
    "mongodb": "^4.12.1",
    "mongoose": "^6.7.3",
    "nodemon": "^2.0.20"
  },
  "devDependencies": {
    "eslint": "^8.9.0",
    "eslint-config-google": "^0.14.0",
    "firebase-functions-test": "^0.2.0"
  },
  "private": true
}
[debug] [2022-11-25T14:50:25.346Z] Building nodejs source
[debug] [2022-11-25T14:50:25.346Z] Analyzing nodejs backend spec
[debug] [2022-11-25T14:50:25.347Z] Could not find functions.yaml. Must use http discovery
[debug] [2022-11-25T14:50:25.450Z] Serving at port 9005

[debug] [2022-11-25T14:50:25.822Z] Got response from /__/functions.yaml {"endpoints":{"app":{"platform":"gcfv1","availableMemoryMb":null,"timeoutSeconds":null,"minInstances":null,"maxInstances":null,"ingressSettings":null,"serviceAccountEmail":null,"vpc":null,"httpsTrigger":{},"entryPoint":"app"}},"specVersion":"v1alpha1","requiredAPIs":[]}
[debug] [2022-11-25T14:50:25.826Z] shutdown requested via /__/quitquitquit

[info] ✔  functions: Loaded functions definitions from source: app. {"metadata":{"emulator":{"name":"functions"},"message":"Loaded functions definitions from source: app."}}
[info] ✔  functions[us-central1-app]: http function initialized (http://127.0.0.1:5001/skill-mapping-server/us-central1/app). {"metadata":{"emulator":{"name":"functions"},"message":"\u001b[1mhttp\u001b[22m function initialized (http://127.0.0.1:5001/skill-mapping-server/us-central1/app)."}}
[info] 
┌─────────────────────────────────────────────────────────────┐
│ ✔  All emulators ready! It is now safe to connect your app. │
│ i  View Emulator UI at http://127.0.0.1:4000/               │
└─────────────────────────────────────────────────────────────┘

┌───────────┬────────────────┬─────────────────────────────────┐
│ Emulator  │ Host:Port      │ View in Emulator UI             │
├───────────┼────────────────┼─────────────────────────────────┤
│ Functions │ 127.0.0.1:5001 │ http://127.0.0.1:4000/functions │
└───────────┴────────────────┴─────────────────────────────────┘
  Emulator Hub running at 127.0.0.1:4400
  Other reserved ports: 4500

Issues? Report them at https://github.com/firebase/firebase-tools/issues and attach the *-debug.log files.
 
[debug] [2022-11-25T14:50:46.779Z] [work-queue] {"queueLength":1,"workRunningCount":0}
[debug] [2022-11-25T14:50:46.781Z] [work-queue] {"queueLength":0,"workRunningCount":1}
[debug] [2022-11-25T14:50:46.781Z] Accepted request GET /skill-mapping-server/us-central1/app --> us-central1-app
[debug] [2022-11-25T14:50:46.791Z] [functions] Runtime ready! Sending request! {"metadata":{"emulator":{"name":"functions"},"message":"[functions] Runtime ready! Sending request!"}}
[debug] [2022-11-25T14:50:46.792Z] [functions] Got req.url=/skill-mapping-server/us-central1/app, mapping to path=/ {"metadata":{"emulator":{"name":"functions"},"message":"[functions] Got req.url=/skill-mapping-server/us-central1/app, mapping to path=/"}}
[debug] [2022-11-25T14:50:46.806Z] [worker-pool] addWorker(us-central1-app) {"metadata":{"emulator":{"name":"functions"},"message":"[worker-pool] addWorker(us-central1-app)"}}
[debug] [2022-11-25T14:50:46.806Z] [worker-pool] Adding worker with key us-central1-app, total=1 {"metadata":{"emulator":{"name":"functions"},"message":"[worker-pool] Adding worker with key us-central1-app, total=1"}}
[debug] [2022-11-25T14:50:47.343Z] [runtime-status] [52166] Resolved module firebase-admin {"declared":true,"installed":true,"version":"10.3.0","resolution":"/Users/kantikakhampan/Documents/Project491/skill-mapping-server-1/server/functions/node_modules/firebase-admin/lib/index.js"} {"metadata":{"emulator":{"name":"functions"},"function":{"name":"us-central1-app"},"extension":{},"message":"[runtime-status] [52166] Resolved module firebase-admin {\"declared\":true,\"installed\":true,\"version\":\"10.3.0\",\"resolution\":\"/Users/kantikakhampan/Documents/Project491/skill-mapping-server-1/server/functions/node_modules/firebase-admin/lib/index.js\"}"}}
[debug] [2022-11-25T14:50:47.344Z] [runtime-status] [52166] Resolved module firebase-functions {"declared":true,"installed":true,"version":"4.1.0","resolution":"/Users/kantikakhampan/Documents/Project491/skill-mapping-server-1/server/functions/node_modules/firebase-functions/lib/v1/index.js"} {"metadata":{"emulator":{"name":"functions"},"function":{"name":"us-central1-app"},"extension":{},"message":"[runtime-status] [52166] Resolved module firebase-functions {\"declared\":true,\"installed\":true,\"version\":\"4.1.0\",\"resolution\":\"/Users/kantikakhampan/Documents/Project491/skill-mapping-server-1/server/functions/node_modules/firebase-functions/lib/v1/index.js\"}"}}
[debug] [2022-11-25T14:50:47.344Z] [runtime-status] [52166] Outgoing network have been stubbed. [{"name":"http","status":"mocked"},{"name":"http","status":"mocked"},{"name":"https","status":"mocked"},{"name":"https","status":"mocked"},{"name":"net","status":"mocked"}] {"metadata":{"emulator":{"name":"functions"},"function":{"name":"us-central1-app"},"extension":{},"message":"[runtime-status] [52166] Outgoing network have been stubbed. [{\"name\":\"http\",\"status\":\"mocked\"},{\"name\":\"http\",\"status\":\"mocked\"},{\"name\":\"https\",\"status\":\"mocked\"},{\"name\":\"https\",\"status\":\"mocked\"},{\"name\":\"net\",\"status\":\"mocked\"}]"}}
[debug] [2022-11-25T14:50:47.345Z] [runtime-status] [52166] Resolved module firebase-functions {"declared":true,"installed":true,"version":"4.1.0","resolution":"/Users/kantikakhampan/Documents/Project491/skill-mapping-server-1/server/functions/node_modules/firebase-functions/lib/v1/index.js"} {"metadata":{"emulator":{"name":"functions"},"function":{"name":"us-central1-app"},"extension":{},"message":"[runtime-status] [52166] Resolved module firebase-functions {\"declared\":true,\"installed\":true,\"version\":\"4.1.0\",\"resolution\":\"/Users/kantikakhampan/Documents/Project491/skill-mapping-server-1/server/functions/node_modules/firebase-functions/lib/v1/index.js\"}"}}
[debug] [2022-11-25T14:50:47.439Z] [runtime-status] [52166] Checked functions.config() {"config":{}} {"metadata":{"emulator":{"name":"functions"},"function":{"name":"us-central1-app"},"extension":{},"message":"[runtime-status] [52166] Checked functions.config() {\"config\":{}}"}}
[debug] [2022-11-25T14:50:47.440Z] [runtime-status] [52166] firebase-functions has been stubbed. {"functionsResolution":{"declared":true,"installed":true,"version":"4.1.0","resolution":"/Users/kantikakhampan/Documents/Project491/skill-mapping-server-1/server/functions/node_modules/firebase-functions/lib/v1/index.js"}} {"metadata":{"emulator":{"name":"functions"},"function":{"name":"us-central1-app"},"extension":{},"message":"[runtime-status] [52166] firebase-functions has been stubbed. {\"functionsResolution\":{\"declared\":true,\"installed\":true,\"version\":\"4.1.0\",\"resolution\":\"/Users/kantikakhampan/Documents/Project491/skill-mapping-server-1/server/functions/node_modules/firebase-functions/lib/v1/index.js\"}}"}}
[debug] [2022-11-25T14:50:47.440Z] [runtime-status] [52166] Resolved module firebase-functions {"declared":true,"installed":true,"version":"4.1.0","resolution":"/Users/kantikakhampan/Documents/Project491/skill-mapping-server-1/server/functions/node_modules/firebase-functions/lib/v1/index.js"} {"metadata":{"emulator":{"name":"functions"},"function":{"name":"us-central1-app"},"extension":{},"message":"[runtime-status] [52166] Resolved module firebase-functions {\"declared\":true,\"installed\":true,\"version\":\"4.1.0\",\"resolution\":\"/Users/kantikakhampan/Documents/Project491/skill-mapping-server-1/server/functions/node_modules/firebase-functions/lib/v1/index.js\"}"}}
[debug] [2022-11-25T14:50:47.440Z] [runtime-status] [52166] Resolved module firebase-admin {"declared":true,"installed":true,"version":"10.3.0","resolution":"/Users/kantikakhampan/Documents/Project491/skill-mapping-server-1/server/functions/node_modules/firebase-admin/lib/index.js"} {"metadata":{"emulator":{"name":"functions"},"function":{"name":"us-central1-app"},"extension":{},"message":"[runtime-status] [52166] Resolved module firebase-admin {\"declared\":true,\"installed\":true,\"version\":\"10.3.0\",\"resolution\":\"/Users/kantikakhampan/Documents/Project491/skill-mapping-server-1/server/functions/node_modules/firebase-admin/lib/index.js\"}"}}
[debug] [2022-11-25T14:50:47.441Z] [runtime-status] [52166] Resolved module firebase-functions {"declared":true,"installed":true,"version":"4.1.0","resolution":"/Users/kantikakhampan/Documents/Project491/skill-mapping-server-1/server/functions/node_modules/firebase-functions/lib/v1/index.js"} {"metadata":{"emulator":{"name":"functions"},"function":{"name":"us-central1-app"},"extension":{},"message":"[runtime-status] [52166] Resolved module firebase-functions {\"declared\":true,\"installed\":true,\"version\":\"4.1.0\",\"resolution\":\"/Users/kantikakhampan/Documents/Project491/skill-mapping-server-1/server/functions/node_modules/firebase-functions/lib/v1/index.js\"}"}}
[debug] [2022-11-25T14:50:47.442Z] [runtime-status] [52166] firebase-admin has been stubbed. {"adminResolution":{"declared":true,"installed":true,"version":"10.3.0","resolution":"/Users/kantikakhampan/Documents/Project491/skill-mapping-server-1/server/functions/node_modules/firebase-admin/lib/index.js"}} {"metadata":{"emulator":{"name":"functions"},"function":{"name":"us-central1-app"},"extension":{},"message":"[runtime-status] [52166] firebase-admin has been stubbed. {\"adminResolution\":{\"declared\":true,\"installed\":true,\"version\":\"10.3.0\",\"resolution\":\"/Users/kantikakhampan/Documents/Project491/skill-mapping-server-1/server/functions/node_modules/firebase-admin/lib/index.js\"}}"}}
[debug] [2022-11-25T14:50:47.759Z] [runtime-status] [52166] Functions runtime initialized. {"cwd":"/Users/kantikakhampan/Documents/Project491/skill-mapping-server-1/server/functions","node_version":"16.13.1"} {"metadata":{"emulator":{"name":"functions"},"function":{"name":"us-central1-app"},"extension":{},"message":"[runtime-status] [52166] Functions runtime initialized. {\"cwd\":\"/Users/kantikakhampan/Documents/Project491/skill-mapping-server-1/server/functions\",\"node_version\":\"16.13.1\"}"}}
[debug] [2022-11-25T14:50:47.759Z] [runtime-status] [52166] Listening to port: /var/folders/4l/p829c0t52yl7htgfj40vw9wc0000gn/T/fire_emu_4764ba230987d193.sock {"metadata":{"emulator":{"name":"functions"},"function":{"name":"us-central1-app"},"extension":{},"message":"[runtime-status] [52166] Listening to port: /var/folders/4l/p829c0t52yl7htgfj40vw9wc0000gn/T/fire_emu_4764ba230987d193.sock"}}
[debug] [2022-11-25T14:50:47.825Z] [worker-us-central1-app-07563ed9-d2f1-4a44-bfcb-5412ca634e15]: IDLE {"metadata":{"emulator":{"name":"functions"},"message":"[worker-us-central1-app-07563ed9-d2f1-4a44-bfcb-5412ca634e15]: IDLE"}}
[debug] [2022-11-25T14:50:47.825Z] [worker-pool] submitRequest(triggerId=us-central1-app) {"metadata":{"emulator":{"name":"functions"},"message":"[worker-pool] submitRequest(triggerId=us-central1-app)"}}
[debug] [2022-11-25T14:50:47.825Z] [worker-us-central1-app-07563ed9-d2f1-4a44-bfcb-5412ca634e15]: BUSY {"metadata":{"emulator":{"name":"functions"},"message":"[worker-us-central1-app-07563ed9-d2f1-4a44-bfcb-5412ca634e15]: BUSY"}}
[info] i  functions: Beginning execution of "app" {"metadata":{"emulator":{"name":"functions"},"function":{"name":"us-central1-app"},"extension":{},"message":"Beginning execution of \"app\""}}
[debug] [2022-11-25T14:50:47.828Z] [worker-us-central1-app-07563ed9-d2f1-4a44-bfcb-5412ca634e15]: IDLE {"metadata":{"emulator":{"name":"functions"},"message":"[worker-us-central1-app-07563ed9-d2f1-4a44-bfcb-5412ca634e15]: IDLE"}}
[debug] [2022-11-25T14:50:47.828Z] [work-queue] {"queueLength":0,"workRunningCount":0}
[info] i  functions: Finished "app" in 1.453292ms {"metadata":{"emulator":{"name":"functions"},"function":{"name":"us-central1-app"},"extension":{},"message":"Finished \"app\" in 1.453292ms"}}
[debug] [2022-11-25T14:50:53.858Z] [work-queue] {"queueLength":1,"workRunningCount":0}
[debug] [2022-11-25T14:50:53.858Z] [work-queue] {"queueLength":0,"workRunningCount":1}
[debug] [2022-11-25T14:50:53.859Z] Accepted request GET /skill-mapping-server/us-central1/app/skills --> us-central1-app
[debug] [2022-11-25T14:50:53.864Z] [functions] Runtime ready! Sending request! {"metadata":{"emulator":{"name":"functions"},"message":"[functions] Runtime ready! Sending request!"}}
[debug] [2022-11-25T14:50:53.865Z] [functions] Got req.url=/skill-mapping-server/us-central1/app/skills, mapping to path=/skills {"metadata":{"emulator":{"name":"functions"},"message":"[functions] Got req.url=/skill-mapping-server/us-central1/app/skills, mapping to path=/skills"}}
[debug] [2022-11-25T14:50:53.865Z] [worker-pool] submitRequest(triggerId=us-central1-app) {"metadata":{"emulator":{"name":"functions"},"message":"[worker-pool] submitRequest(triggerId=us-central1-app)"}}
[debug] [2022-11-25T14:50:53.866Z] [worker-us-central1-app-07563ed9-d2f1-4a44-bfcb-5412ca634e15]: BUSY {"metadata":{"emulator":{"name":"functions"},"message":"[worker-us-central1-app-07563ed9-d2f1-4a44-bfcb-5412ca634e15]: BUSY"}}
[info] i  functions: Beginning execution of "app" {"metadata":{"emulator":{"name":"functions"},"function":{"name":"us-central1-app"},"extension":{},"message":"Beginning execution of \"app\""}}
[info] >  {} {"user":{},"metadata":{"emulator":{"name":"functions"},"function":{"name":"us-central1-app"},"extension":{},"message":"\u001b[90m> \u001b[39m {}"}}
[debug] [2022-11-25T14:50:53.947Z] [worker-us-central1-app-07563ed9-d2f1-4a44-bfcb-5412ca634e15]: IDLE {"metadata":{"emulator":{"name":"functions"},"message":"[worker-us-central1-app-07563ed9-d2f1-4a44-bfcb-5412ca634e15]: IDLE"}}
[debug] [2022-11-25T14:50:53.947Z] [work-queue] {"queueLength":0,"workRunningCount":0}
[info] i  functions: Finished "app" in 76.445917ms {"metadata":{"emulator":{"name":"functions"},"function":{"name":"us-central1-app"},"extension":{},"message":"Finished \"app\" in 76.445917ms"}}
[debug] [2022-11-25T14:51:52.412Z] File /Users/kantikakhampan/Documents/Project491/skill-mapping-server-1/server/functions/controllers/skills.js changed, reloading triggers {"metadata":{"emulator":{"name":"functions"},"message":"File /Users/kantikakhampan/Documents/Project491/skill-mapping-server-1/server/functions/controllers/skills.js changed, reloading triggers"}}
[debug] [2022-11-25T14:51:53.430Z] Validating nodejs source
[debug] [2022-11-25T14:51:54.919Z] > [functions] package.json contents: {
  "name": "functions",
  "description": "Cloud Functions for Firebase",
  "type": "commonjs",
  "scripts": {
    "lint": "eslint .",
    "serve": "firebase emulators:start --only functions",
    "shell": "firebase functions:shell",
    "start": "npm run shell",
    "deploy": "firebase deploy --only functions",
    "logs": "firebase functions:log"
  },
  "engines": {
    "node": "16"
  },
  "main": "index.js",
  "dependencies": {
    "cors": "^2.8.5",
    "express": "^4.18.2",
    "firebase-admin": "^10.0.2",
    "firebase-functions": "^4.1.0",
    "mongodb": "^4.12.1",
    "mongoose": "^6.7.3",
    "nodemon": "^2.0.20"
  },
  "devDependencies": {
    "eslint": "^8.9.0",
    "eslint-config-google": "^0.14.0",
    "firebase-functions-test": "^0.2.0"
  },
  "private": true
}
[debug] [2022-11-25T14:51:54.919Z] Building nodejs source
[debug] [2022-11-25T14:51:54.919Z] Analyzing nodejs backend spec
[debug] [2022-11-25T14:51:54.920Z] Could not find functions.yaml. Must use http discovery
[debug] [2022-11-25T14:51:55.481Z] Serving at port 9005

[debug] [2022-11-25T14:51:58.117Z] Got response from /__/functions.yaml {"endpoints":{"app":{"platform":"gcfv1","availableMemoryMb":null,"timeoutSeconds":null,"minInstances":null,"maxInstances":null,"ingressSettings":null,"serviceAccountEmail":null,"vpc":null,"httpsTrigger":{},"entryPoint":"app"}},"specVersion":"v1alpha1","requiredAPIs":[]}
[debug] [2022-11-25T14:51:58.119Z] shutdown requested via /__/quitquitquit

[info] ✔  functions: Loaded functions definitions from source: app. {"metadata":{"emulator":{"name":"functions"},"message":"Loaded functions definitions from source: app."}}
[debug] [2022-11-25T14:52:08.132Z] [worker-pool] Shutting down IDLE worker (us-central1-app) {"metadata":{"emulator":{"name":"functions"},"message":"[worker-pool] Shutting down IDLE worker (us-central1-app)"}}
[debug] [2022-11-25T14:52:08.132Z] [worker-us-central1-app-07563ed9-d2f1-4a44-bfcb-5412ca634e15]: FINISHING {"metadata":{"emulator":{"name":"functions"},"message":"[worker-us-central1-app-07563ed9-d2f1-4a44-bfcb-5412ca634e15]: FINISHING"}}
[debug] [2022-11-25T14:52:08.142Z] [worker-us-central1-app-07563ed9-d2f1-4a44-bfcb-5412ca634e15]: exited {"metadata":{"emulator":{"name":"functions"},"message":"[worker-us-central1-app-07563ed9-d2f1-4a44-bfcb-5412ca634e15]: exited"}}
[debug] [2022-11-25T14:52:08.143Z] [worker-us-central1-app-07563ed9-d2f1-4a44-bfcb-5412ca634e15]: FINISHED {"metadata":{"emulator":{"name":"functions"},"message":"[worker-us-central1-app-07563ed9-d2f1-4a44-bfcb-5412ca634e15]: FINISHED"}}
[debug] [2022-11-25T14:53:46.748Z] [work-queue] {"queueLength":1,"workRunningCount":0}
[debug] [2022-11-25T14:53:46.749Z] [work-queue] {"queueLength":0,"workRunningCount":1}
[debug] [2022-11-25T14:53:46.749Z] Accepted request GET /skill-mapping-server/us-central1/app/skills --> us-central1-app
[debug] [2022-11-25T14:53:46.761Z] [functions] Runtime ready! Sending request! {"metadata":{"emulator":{"name":"functions"},"message":"[functions] Runtime ready! Sending request!"}}
[debug] [2022-11-25T14:53:46.762Z] [functions] Got req.url=/skill-mapping-server/us-central1/app/skills, mapping to path=/skills {"metadata":{"emulator":{"name":"functions"},"message":"[functions] Got req.url=/skill-mapping-server/us-central1/app/skills, mapping to path=/skills"}}
[debug] [2022-11-25T14:53:46.762Z] [worker-pool] Cleaned up workers for us-central1-app: 1 --> 0 {"metadata":{"emulator":{"name":"functions"},"message":"[worker-pool] Cleaned up workers for us-central1-app: 1 --> 0"}}
[debug] [2022-11-25T14:53:46.777Z] [worker-pool] addWorker(us-central1-app) {"metadata":{"emulator":{"name":"functions"},"message":"[worker-pool] addWorker(us-central1-app)"}}
[debug] [2022-11-25T14:53:46.777Z] [worker-pool] Adding worker with key us-central1-app, total=1 {"metadata":{"emulator":{"name":"functions"},"message":"[worker-pool] Adding worker with key us-central1-app, total=1"}}
[debug] [2022-11-25T14:53:47.360Z] [runtime-status] [52235] Resolved module firebase-admin {"declared":true,"installed":true,"version":"10.3.0","resolution":"/Users/kantikakhampan/Documents/Project491/skill-mapping-server-1/server/functions/node_modules/firebase-admin/lib/index.js"} {"metadata":{"emulator":{"name":"functions"},"function":{"name":"us-central1-app"},"extension":{},"message":"[runtime-status] [52235] Resolved module firebase-admin {\"declared\":true,\"installed\":true,\"version\":\"10.3.0\",\"resolution\":\"/Users/kantikakhampan/Documents/Project491/skill-mapping-server-1/server/functions/node_modules/firebase-admin/lib/index.js\"}"}}
[debug] [2022-11-25T14:53:47.361Z] [runtime-status] [52235] Resolved module firebase-functions {"declared":true,"installed":true,"version":"4.1.0","resolution":"/Users/kantikakhampan/Documents/Project491/skill-mapping-server-1/server/functions/node_modules/firebase-functions/lib/v1/index.js"} {"metadata":{"emulator":{"name":"functions"},"function":{"name":"us-central1-app"},"extension":{},"message":"[runtime-status] [52235] Resolved module firebase-functions {\"declared\":true,\"installed\":true,\"version\":\"4.1.0\",\"resolution\":\"/Users/kantikakhampan/Documents/Project491/skill-mapping-server-1/server/functions/node_modules/firebase-functions/lib/v1/index.js\"}"}}
[debug] [2022-11-25T14:53:47.361Z] [runtime-status] [52235] Outgoing network have been stubbed. [{"name":"http","status":"mocked"},{"name":"http","status":"mocked"},{"name":"https","status":"mocked"},{"name":"https","status":"mocked"},{"name":"net","status":"mocked"}] {"metadata":{"emulator":{"name":"functions"},"function":{"name":"us-central1-app"},"extension":{},"message":"[runtime-status] [52235] Outgoing network have been stubbed. [{\"name\":\"http\",\"status\":\"mocked\"},{\"name\":\"http\",\"status\":\"mocked\"},{\"name\":\"https\",\"status\":\"mocked\"},{\"name\":\"https\",\"status\":\"mocked\"},{\"name\":\"net\",\"status\":\"mocked\"}]"}}
[debug] [2022-11-25T14:53:47.361Z] [runtime-status] [52235] Resolved module firebase-functions {"declared":true,"installed":true,"version":"4.1.0","resolution":"/Users/kantikakhampan/Documents/Project491/skill-mapping-server-1/server/functions/node_modules/firebase-functions/lib/v1/index.js"} {"metadata":{"emulator":{"name":"functions"},"function":{"name":"us-central1-app"},"extension":{},"message":"[runtime-status] [52235] Resolved module firebase-functions {\"declared\":true,\"installed\":true,\"version\":\"4.1.0\",\"resolution\":\"/Users/kantikakhampan/Documents/Project491/skill-mapping-server-1/server/functions/node_modules/firebase-functions/lib/v1/index.js\"}"}}
[debug] [2022-11-25T14:53:47.470Z] [runtime-status] [52235] Checked functions.config() {"config":{}} {"metadata":{"emulator":{"name":"functions"},"function":{"name":"us-central1-app"},"extension":{},"message":"[runtime-status] [52235] Checked functions.config() {\"config\":{}}"}}
[debug] [2022-11-25T14:53:47.470Z] [runtime-status] [52235] firebase-functions has been stubbed. {"functionsResolution":{"declared":true,"installed":true,"version":"4.1.0","resolution":"/Users/kantikakhampan/Documents/Project491/skill-mapping-server-1/server/functions/node_modules/firebase-functions/lib/v1/index.js"}} {"metadata":{"emulator":{"name":"functions"},"function":{"name":"us-central1-app"},"extension":{},"message":"[runtime-status] [52235] firebase-functions has been stubbed. {\"functionsResolution\":{\"declared\":true,\"installed\":true,\"version\":\"4.1.0\",\"resolution\":\"/Users/kantikakhampan/Documents/Project491/skill-mapping-server-1/server/functions/node_modules/firebase-functions/lib/v1/index.js\"}}"}}
[debug] [2022-11-25T14:53:47.470Z] [runtime-status] [52235] Resolved module firebase-functions {"declared":true,"installed":true,"version":"4.1.0","resolution":"/Users/kantikakhampan/Documents/Project491/skill-mapping-server-1/server/functions/node_modules/firebase-functions/lib/v1/index.js"} {"metadata":{"emulator":{"name":"functions"},"function":{"name":"us-central1-app"},"extension":{},"message":"[runtime-status] [52235] Resolved module firebase-functions {\"declared\":true,\"installed\":true,\"version\":\"4.1.0\",\"resolution\":\"/Users/kantikakhampan/Documents/Project491/skill-mapping-server-1/server/functions/node_modules/firebase-functions/lib/v1/index.js\"}"}}
[debug] [2022-11-25T14:53:47.471Z] [runtime-status] [52235] Resolved module firebase-admin {"declared":true,"installed":true,"version":"10.3.0","resolution":"/Users/kantikakhampan/Documents/Project491/skill-mapping-server-1/server/functions/node_modules/firebase-admin/lib/index.js"} {"metadata":{"emulator":{"name":"functions"},"function":{"name":"us-central1-app"},"extension":{},"message":"[runtime-status] [52235] Resolved module firebase-admin {\"declared\":true,\"installed\":true,\"version\":\"10.3.0\",\"resolution\":\"/Users/kantikakhampan/Documents/Project491/skill-mapping-server-1/server/functions/node_modules/firebase-admin/lib/index.js\"}"}}
[debug] [2022-11-25T14:53:47.472Z] [runtime-status] [52235] Resolved module firebase-functions {"declared":true,"installed":true,"version":"4.1.0","resolution":"/Users/kantikakhampan/Documents/Project491/skill-mapping-server-1/server/functions/node_modules/firebase-functions/lib/v1/index.js"} {"metadata":{"emulator":{"name":"functions"},"function":{"name":"us-central1-app"},"extension":{},"message":"[runtime-status] [52235] Resolved module firebase-functions {\"declared\":true,\"installed\":true,\"version\":\"4.1.0\",\"resolution\":\"/Users/kantikakhampan/Documents/Project491/skill-mapping-server-1/server/functions/node_modules/firebase-functions/lib/v1/index.js\"}"}}
[debug] [2022-11-25T14:53:47.472Z] [runtime-status] [52235] firebase-admin has been stubbed. {"adminResolution":{"declared":true,"installed":true,"version":"10.3.0","resolution":"/Users/kantikakhampan/Documents/Project491/skill-mapping-server-1/server/functions/node_modules/firebase-admin/lib/index.js"}} {"metadata":{"emulator":{"name":"functions"},"function":{"name":"us-central1-app"},"extension":{},"message":"[runtime-status] [52235] firebase-admin has been stubbed. {\"adminResolution\":{\"declared\":true,\"installed\":true,\"version\":\"10.3.0\",\"resolution\":\"/Users/kantikakhampan/Documents/Project491/skill-mapping-server-1/server/functions/node_modules/firebase-admin/lib/index.js\"}}"}}
[debug] [2022-11-25T14:53:47.810Z] [runtime-status] [52235] Functions runtime initialized. {"cwd":"/Users/kantikakhampan/Documents/Project491/skill-mapping-server-1/server/functions","node_version":"16.13.1"} {"metadata":{"emulator":{"name":"functions"},"function":{"name":"us-central1-app"},"extension":{},"message":"[runtime-status] [52235] Functions runtime initialized. {\"cwd\":\"/Users/kantikakhampan/Documents/Project491/skill-mapping-server-1/server/functions\",\"node_version\":\"16.13.1\"}"}}
[debug] [2022-11-25T14:53:47.810Z] [runtime-status] [52235] Listening to port: /var/folders/4l/p829c0t52yl7htgfj40vw9wc0000gn/T/fire_emu_76a9d8b0919c74f8.sock {"metadata":{"emulator":{"name":"functions"},"function":{"name":"us-central1-app"},"extension":{},"message":"[runtime-status] [52235] Listening to port: /var/folders/4l/p829c0t52yl7htgfj40vw9wc0000gn/T/fire_emu_76a9d8b0919c74f8.sock"}}
[debug] [2022-11-25T14:53:47.891Z] [worker-us-central1-app-4ad03278-3f32-4e05-97b6-f5bef9a63124]: IDLE {"metadata":{"emulator":{"name":"functions"},"message":"[worker-us-central1-app-4ad03278-3f32-4e05-97b6-f5bef9a63124]: IDLE"}}
[debug] [2022-11-25T14:53:47.892Z] [worker-pool] submitRequest(triggerId=us-central1-app) {"metadata":{"emulator":{"name":"functions"},"message":"[worker-pool] submitRequest(triggerId=us-central1-app)"}}
[debug] [2022-11-25T14:53:47.892Z] [worker-us-central1-app-4ad03278-3f32-4e05-97b6-f5bef9a63124]: BUSY {"metadata":{"emulator":{"name":"functions"},"message":"[worker-us-central1-app-4ad03278-3f32-4e05-97b6-f5bef9a63124]: BUSY"}}
[info] i  functions: Beginning execution of "app" {"metadata":{"emulator":{"name":"functions"},"function":{"name":"us-central1-app"},"extension":{},"message":"Beginning execution of \"app\""}}
[info] >  {} {"user":{},"metadata":{"emulator":{"name":"functions"},"function":{"name":"us-central1-app"},"extension":{},"message":"\u001b[90m> \u001b[39m {}"}}
[debug] [2022-11-25T14:53:48.840Z] [worker-us-central1-app-4ad03278-3f32-4e05-97b6-f5bef9a63124]: IDLE {"metadata":{"emulator":{"name":"functions"},"message":"[worker-us-central1-app-4ad03278-3f32-4e05-97b6-f5bef9a63124]: IDLE"}}
[debug] [2022-11-25T14:53:48.842Z] [work-queue] {"queueLength":0,"workRunningCount":0}
[info] i  functions: Finished "app" in 936.981209ms {"metadata":{"emulator":{"name":"functions"},"function":{"name":"us-central1-app"},"extension":{},"message":"Finished \"app\" in 936.981209ms"}}
[debug] [2022-11-25T14:54:55.569Z] File /Users/kantikakhampan/Documents/Project491/skill-mapping-server-1/server/functions/controllers/skills.js changed, reloading triggers {"metadata":{"emulator":{"name":"functions"},"message":"File /Users/kantikakhampan/Documents/Project491/skill-mapping-server-1/server/functions/controllers/skills.js changed, reloading triggers"}}
[debug] [2022-11-25T14:54:56.573Z] Validating nodejs source
[debug] [2022-11-25T14:54:57.272Z] > [functions] package.json contents: {
  "name": "functions",
  "description": "Cloud Functions for Firebase",
  "type": "commonjs",
  "scripts": {
    "lint": "eslint .",
    "serve": "firebase emulators:start --only functions",
    "shell": "firebase functions:shell",
    "start": "npm run shell",
    "deploy": "firebase deploy --only functions",
    "logs": "firebase functions:log"
  },
  "engines": {
    "node": "16"
  },
  "main": "index.js",
  "dependencies": {
    "cors": "^2.8.5",
    "express": "^4.18.2",
    "firebase-admin": "^10.0.2",
    "firebase-functions": "^4.1.0",
    "mongodb": "^4.12.1",
    "mongoose": "^6.7.3",
    "nodemon": "^2.0.20"
  },
  "devDependencies": {
    "eslint": "^8.9.0",
    "eslint-config-google": "^0.14.0",
    "firebase-functions-test": "^0.2.0"
  },
  "private": true
}
[debug] [2022-11-25T14:54:57.273Z] Building nodejs source
[debug] [2022-11-25T14:54:57.273Z] Analyzing nodejs backend spec
[debug] [2022-11-25T14:54:57.273Z] Could not find functions.yaml. Must use http discovery
[debug] [2022-11-25T14:54:57.374Z] Serving at port 9005

[debug] [2022-11-25T14:54:57.757Z] Got response from /__/functions.yaml Failed to generate manifest from function source: SyntaxError: Cannot use import statement outside a module
[debug] [2022-11-25T14:54:57.758Z] Failed to parse functions.yamlincomplete explicit mapping pair; a key node is missed; or followed by a non-tabulated empty line at line 1, column 62:
     ... rom function source: SyntaxError: Cannot use import statement ou ... 
                                         ^ {"name":"YAMLException","reason":"incomplete explicit mapping pair; a key node is missed; or followed by a non-tabulated empty line","mark":{"name":null,"buffer":"Failed to generate manifest from function source: SyntaxError: Cannot use import statement outside a module\n\u0000","position":61,"line":0,"column":61},"message":"incomplete explicit mapping pair; a key node is missed; or followed by a non-tabulated empty line at line 1, column 62:\n     ... rom function source: SyntaxError: Cannot use import statement ou ... \n                                         ^"}
[debug] [2022-11-25T14:54:57.760Z] shutdown requested via /__/quitquitquit

[error] ⬢  functions: Failed to load function definition from source: FirebaseError: Failed to load function definition from source: Failed to generate manifest from function source: SyntaxError: Cannot use import statement outside a module {"metadata":{"emulator":{"name":"functions"},"message":"Failed to load function definition from source: FirebaseError: Failed to load function definition from source: Failed to generate manifest from function source: SyntaxError: Cannot use import statement outside a module"}}
[debug] [2022-11-25T14:55:09.028Z] File /Users/kantikakhampan/Documents/Project491/skill-mapping-server-1/server/functions/controllers/skills.js changed, reloading triggers {"metadata":{"emulator":{"name":"functions"},"message":"File /Users/kantikakhampan/Documents/Project491/skill-mapping-server-1/server/functions/controllers/skills.js changed, reloading triggers"}}
[debug] [2022-11-25T14:55:10.030Z] Validating nodejs source
[debug] [2022-11-25T14:55:10.672Z] > [functions] package.json contents: {
  "name": "functions",
  "description": "Cloud Functions for Firebase",
  "type": "commonjs",
  "scripts": {
    "lint": "eslint .",
    "serve": "firebase emulators:start --only functions",
    "shell": "firebase functions:shell",
    "start": "npm run shell",
    "deploy": "firebase deploy --only functions",
    "logs": "firebase functions:log"
  },
  "engines": {
    "node": "16"
  },
  "main": "index.js",
  "dependencies": {
    "cors": "^2.8.5",
    "express": "^4.18.2",
    "firebase-admin": "^10.0.2",
    "firebase-functions": "^4.1.0",
    "mongodb": "^4.12.1",
    "mongoose": "^6.7.3",
    "nodemon": "^2.0.20"
  },
  "devDependencies": {
    "eslint": "^8.9.0",
    "eslint-config-google": "^0.14.0",
    "firebase-functions-test": "^0.2.0"
  },
  "private": true
}
[debug] [2022-11-25T14:55:10.672Z] Building nodejs source
[debug] [2022-11-25T14:55:10.672Z] Analyzing nodejs backend spec
[debug] [2022-11-25T14:55:10.673Z] Could not find functions.yaml. Must use http discovery
[debug] [2022-11-25T14:55:10.767Z] Serving at port 9005

[debug] [2022-11-25T14:55:11.138Z] Got response from /__/functions.yaml {"endpoints":{"app":{"platform":"gcfv1","availableMemoryMb":null,"timeoutSeconds":null,"minInstances":null,"maxInstances":null,"ingressSettings":null,"serviceAccountEmail":null,"vpc":null,"httpsTrigger":{},"entryPoint":"app"}},"specVersion":"v1alpha1","requiredAPIs":[]}
[debug] [2022-11-25T14:55:11.141Z] shutdown requested via /__/quitquitquit

[info] ✔  functions: Loaded functions definitions from source: app. {"metadata":{"emulator":{"name":"functions"},"message":"Loaded functions definitions from source: app."}}
[debug] [2022-11-25T14:55:21.149Z] [worker-pool] Shutting down IDLE worker (us-central1-app) {"metadata":{"emulator":{"name":"functions"},"message":"[worker-pool] Shutting down IDLE worker (us-central1-app)"}}
[debug] [2022-11-25T14:55:21.149Z] [worker-us-central1-app-4ad03278-3f32-4e05-97b6-f5bef9a63124]: FINISHING {"metadata":{"emulator":{"name":"functions"},"message":"[worker-us-central1-app-4ad03278-3f32-4e05-97b6-f5bef9a63124]: FINISHING"}}
[debug] [2022-11-25T14:55:21.155Z] [worker-us-central1-app-4ad03278-3f32-4e05-97b6-f5bef9a63124]: exited {"metadata":{"emulator":{"name":"functions"},"message":"[worker-us-central1-app-4ad03278-3f32-4e05-97b6-f5bef9a63124]: exited"}}
[debug] [2022-11-25T14:55:21.155Z] [worker-us-central1-app-4ad03278-3f32-4e05-97b6-f5bef9a63124]: FINISHED {"metadata":{"emulator":{"name":"functions"},"message":"[worker-us-central1-app-4ad03278-3f32-4e05-97b6-f5bef9a63124]: FINISHED"}}
